10-20-2020 13:10:16-Test_001_Login-INFO-*********************Test_001_Login****************
10-20-2020 13:10:16-Test_001_Login-INFO-********************** Verifyig Home Page Titile***************
10-20-2020 13:11:23-Test_001_Login-INFO-*********************** HOme page titile test is passed *****************
10-20-2020 13:11:28-Test_001_Login-INFO-************************* Verifying Login Test ******************
10-20-2020 13:12:08-Test_001_Login-INFO-********************** Login Home page passed ***************
10-20-2020 13:34:25-Test_001_Login-INFO-*********************Test_001_Login****************
10-20-2020 13:34:25-Test_001_Login-INFO-********************** Verifyig Home Page Titile***************
10-20-2020 13:34:35-Test_001_Login-INFO-*********************** HOme page titile test is passed *****************
10-20-2020 13:34:40-Test_001_Login-INFO-************************* Verifying Login Test ******************
10-20-2020 13:35:10-Test_001_Login-INFO-********************** Login Home page passed ***************
10-20-2020 13:38:46-Test_001_Login-INFO-*********************Test_001_Login****************
10-20-2020 13:38:46-Test_001_Login-INFO-********************** Verifyig Home Page Titile***************
10-20-2020 13:38:56-Test_001_Login-INFO-*********************** HOme page titile test is passed *****************
10-20-2020 13:39:00-Test_001_Login-INFO-************************* Verifying Login Test ******************
10-20-2020 13:39:27-Test_001_Login-INFO-********************** Login Home page passed ***************
10-20-2020 13:40:00-Test_001_Login-INFO-*********************Test_001_Login****************
10-20-2020 13:40:00-Test_001_Login-INFO-********************** Verifyig Home Page Titile***************
10-20-2020 13:40:11-Test_001_Login-INFO-*********************** HOme page titile test is passed *****************
10-20-2020 13:40:17-Test_001_Login-INFO-************************* Verifying Login Test ******************
10-20-2020 13:40:45-Test_001_Login-INFO-********************** Login Home page passed ***************
10-20-2020 13:41:33-Test_001_Login-INFO-*********************Test_001_Login****************
10-20-2020 13:41:33-Test_001_Login-INFO-********************** Verifyig Home Page Titile***************
10-20-2020 13:41:45-Test_001_Login-INFO-*********************** HOme page titile test is passed *****************
10-20-2020 13:41:49-Test_001_Login-INFO-************************* Verifying Login Test ******************
10-20-2020 13:42:13-Test_001_Login-INFO-********************** Login Home page passed ***************
10-20-2020 13:43:22-Test_001_Login-INFO-*********************Test_001_Login****************
10-20-2020 13:43:22-Test_001_Login-INFO-********************** Verifyig Home Page Titile***************
10-20-2020 13:43:34-Test_001_Login-INFO-*********************** HOme page titile test is passed *****************
10-20-2020 13:43:38-Test_001_Login-INFO-************************* Verifying Login Test ******************
10-20-2020 13:44:03-Test_001_Login-INFO-********************** Login Home page passed ***************
10-20-2020 13:44:35-Test_001_Login-INFO-*********************Test_001_Login****************
10-20-2020 13:44:35-Test_001_Login-INFO-********************** Verifyig Home Page Titile***************
10-20-2020 13:44:41-Test_001_Login-INFO-*********************** HOme page titile test is passed *****************
10-20-2020 13:44:45-Test_001_Login-INFO-************************* Verifying Login Test ******************
10-20-2020 13:45:10-Test_001_Login-INFO-********************** Login Home page passed ***************
10-20-2020 13:46:08-Test_001_Login-INFO-************************* Verifying Login Test ******************
10-20-2020 13:46:08-Test_001_Login-INFO-*********************Test_001_Login****************
10-20-2020 13:46:08-Test_001_Login-INFO-********************** Verifyig Home Page Titile***************
10-20-2020 13:46:16-Test_001_Login-INFO-*********************** HOme page titile test is passed *****************
10-20-2020 13:46:37-Test_001_Login-INFO-********************** Login Home page passed ***************
10-20-2020 14:00:16-Test_001_Login-INFO-*********************Test_001_Login****************
10-20-2020 14:00:16-Test_001_Login-INFO-********************** Verifyig Home Page Titile***************
10-20-2020 14:00:17-Test_001_Login-INFO-************************* Verifying Login Test ******************
10-20-2020 14:00:27-Test_001_Login-INFO-*********************** HOme page titile test is passed *****************
10-20-2020 14:00:38-Test_001_Login-INFO-********************** Login Home page passed ***************
10-20-2020 14:03:08-Test_001_Login-INFO-*********************Test_001_Login****************
10-20-2020 14:03:08-Test_001_Login-INFO-********************** Verifyig Home Page Titile***************
10-20-2020 14:03:17-Test_001_Login-INFO-*********************** HOme page titile test is passed *****************
10-20-2020 14:03:21-Test_001_Login-INFO-************************* Verifying Login Test ******************
10-20-2020 14:03:39-Test_001_Login-INFO-********************** Login Home page passed ***************
10-20-2020 14:04:47-Test_001_Login-INFO-*********************Test_001_Login****************
10-20-2020 14:04:47-Test_001_Login-INFO-********************** Verifyig Home Page Titile***************
10-20-2020 14:04:57-Test_001_Login-INFO-*********************** HOme page titile test is passed *****************
10-20-2020 14:05:00-Test_001_Login-INFO-************************* Verifying Login Test ******************
10-20-2020 14:05:20-Test_001_Login-INFO-********************** Login Home page passed ***************
10-20-2020 14:08:35-Test_001_Login-INFO-*********************Test_001_Login****************
10-20-2020 14:08:35-Test_001_Login-INFO-********************** Verifyig Home Page Titile***************
10-20-2020 14:08:44-Test_001_Login-INFO-*********************** HOme page titile test is passed *****************
10-20-2020 14:08:48-Test_001_Login-INFO-************************* Verifying Login Test ******************
10-20-2020 14:09:08-Test_001_Login-INFO-********************** Login Home page passed ***************
10-20-2020 14:11:19-Test_001_Login-INFO-*********************Test_001_Login****************
10-20-2020 14:11:19-Test_001_Login-INFO-********************** Verifyig Home Page Titile***************
10-20-2020 14:11:28-Test_001_Login-INFO-*********************** HOme page titile test is passed *****************
10-20-2020 14:11:32-Test_001_Login-INFO-************************* Verifying Login Test ******************
10-20-2020 14:11:56-Test_001_Login-INFO-********************** Login Home page passed ***************
10-20-2020 14:13:00-Test_001_Login-INFO-*********************Test_001_Login****************
10-20-2020 14:13:00-Test_001_Login-INFO-********************** Verifyig Home Page Titile***************
10-20-2020 14:13:10-Test_001_Login-INFO-*********************** HOme page titile test is passed *****************
10-20-2020 14:13:13-Test_001_Login-INFO-************************* Verifying Login Test ******************
10-20-2020 14:13:39-Test_001_Login-INFO-********************** Login Home page passed ***************
10-20-2020 16:48:12-Test_002_login_ddt-INFO-***********************Test_02_login_DDT***************************
10-20-2020 16:48:12-Test_002_login_ddt-INFO-*********************** Verifying login test ddt ******************
10-20-2020 16:48:38-Test_002_login_ddt-INFO-*******Passed*********
10-20-2020 16:48:41-Test_002_login_ddt-INFO-****************Login DDT test Passed*****************
10-20-2020 16:50:38-Test_002_login_ddt-INFO-***********************Test_02_login_DDT***************************
10-20-2020 16:50:38-Test_002_login_ddt-INFO-*********************** Verifying login test ddt ******************
10-20-2020 16:50:58-Test_002_login_ddt-INFO-*******Passed*********
10-20-2020 16:51:02-Test_002_login_ddt-INFO-****************Login DDT test Passed*****************
10-20-2020 16:52:39-Test_002_login_ddt-INFO-***********************Test_02_login_DDT***************************
10-20-2020 16:52:39-Test_002_login_ddt-INFO-*********************** Verifying login test ddt ******************
10-20-2020 16:53:01-Test_002_login_ddt-INFO-*******Passed*********
10-20-2020 16:53:04-Test_002_login_ddt-INFO-****************Login DDT test Passed*****************
10-20-2020 17:12:30-Test_002_login_ddt-INFO-***********************Test_02_login_DDT***************************
10-20-2020 17:12:30-Test_002_login_ddt-INFO-*********************** Verifying login test ddt ******************
10-20-2020 17:12:52-Test_002_login_ddt-INFO-*******Passed*********
10-20-2020 17:12:55-Test_002_login_ddt-INFO-****************Login DDT test Passed*****************
10-20-2020 17:16:13-Test_002_login_ddt-INFO-***********************Test_02_login_DDT***************************
10-20-2020 17:16:13-Test_002_login_ddt-INFO-*********************** Verifying login test ddt ******************
10-20-2020 17:16:34-Test_002_login_ddt-INFO-*******Passed*********
10-20-2020 17:16:36-Test_002_login_ddt-INFO-****************Login DDT test Passed*****************
10-20-2020 17:19:26-Test_002_login_ddt-INFO-***********************Test_02_login_DDT***************************
10-20-2020 17:19:26-Test_002_login_ddt-INFO-*********************** Verifying login test ddt ******************
10-20-2020 17:19:49-Test_002_login_ddt-INFO-*******Passed*********
10-20-2020 17:19:52-Test_002_login_ddt-INFO-****************Login DDT test Passed*****************
10-20-2020 17:20:00-Test_002_login_ddt-INFO-**************** Passed **********
10-20-2020 17:20:00-Test_002_login_ddt-INFO-****************Login DDT test Passed*****************
10-20-2020 17:20:08-Test_002_login_ddt-INFO-**************** Passed **********
10-20-2020 17:20:08-Test_002_login_ddt-INFO-****************Login DDT test Passed*****************
10-20-2020 17:20:17-Test_002_login_ddt-INFO-**************** Passed **********
10-20-2020 17:20:17-Test_002_login_ddt-INFO-****************Login DDT test Passed*****************
10-20-2020 17:20:17-Test_002_login_ddt-INFO-***************** End of the DDT test case****************
10-20-2020 17:20:17-Test_002_login_ddt-INFO-********************** End of the Test_002_login_DDt test ****************
10-20-2020 17:25:41-Test_002_login_ddt-INFO-***********************Test_02_login_DDT***************************
10-20-2020 17:25:41-Test_002_login_ddt-INFO-*********************** Verifying login test ddt ******************
10-20-2020 17:26:04-Test_002_login_ddt-INFO-*******Passed*********
10-20-2020 17:26:16-Test_002_login_ddt-INFO-**************** Passed **********
10-20-2020 17:26:24-Test_002_login_ddt-INFO-**************** Passed **********
10-20-2020 17:26:33-Test_002_login_ddt-INFO-**************** Passed **********
10-20-2020 17:26:33-Test_002_login_ddt-INFO-****************Login DDT test Passed*****************
10-20-2020 17:26:34-Test_002_login_ddt-INFO-***************** End of the DDT test case****************
10-20-2020 17:26:34-Test_002_login_ddt-INFO-********************** End of the Test_002_login_DDt test ****************
10-20-2020 22:58:24-Test_003_AddCustomer-INFO-************Test_003_AddCustomer************
10-20-2020 22:58:45-Test_003_AddCustomer-INFO-**************** LOgin SuccessFull **************
10-20-2020 22:58:45-Test_003_AddCustomer-INFO-******************** Started Add customer test *************
10-20-2020 22:58:51-Test_003_AddCustomer-INFO-***************** Started adding Customer Info***************
10-20-2020 23:05:27-Test_003_AddCustomer-INFO-************Test_003_AddCustomer************
10-20-2020 23:05:44-Test_003_AddCustomer-INFO-**************** LOgin SuccessFull **************
10-20-2020 23:05:44-Test_003_AddCustomer-INFO-******************** Started Add customer test *************
10-20-2020 23:05:51-Test_003_AddCustomer-INFO-***************** Started adding Customer Info***************
10-20-2020 23:07:39-Test_003_AddCustomer-INFO-************Test_003_AddCustomer************
10-20-2020 23:08:00-Test_003_AddCustomer-INFO-**************** LOgin SuccessFull **************
10-20-2020 23:08:00-Test_003_AddCustomer-INFO-******************** Started Add customer test *************
10-20-2020 23:08:08-Test_003_AddCustomer-INFO-***************** Started adding Customer Info***************
10-20-2020 23:10:53-Test_003_AddCustomer-INFO-************Test_003_AddCustomer************
10-20-2020 23:11:12-Test_003_AddCustomer-INFO-**************** LOgin SuccessFull **************
10-20-2020 23:11:12-Test_003_AddCustomer-INFO-******************** Started Add customer test *************
10-20-2020 23:11:21-Test_003_AddCustomer-INFO-***************** Started adding Customer Info***************
10-20-2020 23:11:35-Test_003_AddCustomer-INFO-********************Saving Customer Info***************
10-20-2020 23:11:35-Test_003_AddCustomer-INFO-***********************Add customer Validation Started************
10-20-2020 23:11:36-Test_003_AddCustomer-INFO-***************Add Customer test passed ***************
10-20-2020 23:12:37-Test_003_AddCustomer-INFO-************Test_003_AddCustomer************
10-20-2020 23:12:56-Test_003_AddCustomer-INFO-**************** LOgin SuccessFull **************
10-20-2020 23:12:56-Test_003_AddCustomer-INFO-******************** Started Add customer test *************
10-20-2020 23:13:04-Test_003_AddCustomer-INFO-***************** Started adding Customer Info***************
10-20-2020 23:13:19-Test_003_AddCustomer-INFO-********************Saving Customer Info***************
10-20-2020 23:13:19-Test_003_AddCustomer-INFO-***********************Add customer Validation Started************
10-20-2020 23:13:19-Test_003_AddCustomer-INFO-***************Add Customer test passed ***************
10-20-2020 23:13:19-Test_003_AddCustomer-INFO-***************Ending Home page title text*************
10-21-2020 00:40:17-Test_005_searchCustomerByEmial-INFO-*****************Test_005_SearchCustomerByName **************
10-21-2020 00:41:55-Test_005_searchCustomerByEmial-INFO-*****************Test_005_SearchCustomerByName **************
10-21-2020 00:42:19-Test_005_searchCustomerByEmial-INFO-**************************LOgin Successfull ******************
10-21-2020 00:42:19-Test_005_searchCustomerByEmial-INFO-**********************Starting Search by name test *******************
10-21-2020 00:44:10-Test_005_searchCustomerByEmial-INFO-*****************Test_005_SearchCustomerByName **************
10-21-2020 00:44:29-Test_005_searchCustomerByEmial-INFO-**************************LOgin Successfull ******************
10-21-2020 00:44:29-Test_005_searchCustomerByEmial-INFO-**********************Starting Search by name test *******************
10-21-2020 00:44:35-Test_005_searchCustomerByEmial-INFO-**********************Searching customer by name ********************
10-21-2020 00:45:49-Test_005_searchCustomerByEmial-INFO-*****************Test_005_SearchCustomerByName **************
10-21-2020 00:46:08-Test_005_searchCustomerByEmial-INFO-**************************LOgin Successfull ******************
10-21-2020 00:46:08-Test_005_searchCustomerByEmial-INFO-**********************Starting Search by name test *******************
10-21-2020 00:46:15-Test_005_searchCustomerByEmial-INFO-**********************Searching customer by name ********************
10-21-2020 00:47:24-Test_005_searchCustomerByEmial-INFO-*****************Test_005_SearchCustomerByName **************
10-21-2020 00:47:42-Test_005_searchCustomerByEmial-INFO-**************************LOgin Successfull ******************
10-21-2020 00:47:42-Test_005_searchCustomerByEmial-INFO-**********************Starting Search by name test *******************
10-21-2020 00:47:50-Test_005_searchCustomerByEmial-INFO-**********************Searching customer by name ********************
10-21-2020 00:49:19-Test_005_searchCustomerByEmial-INFO-*****************Test_005_SearchCustomerByName **************
10-21-2020 00:49:38-Test_005_searchCustomerByEmial-INFO-**************************LOgin Successfull ******************
10-21-2020 00:49:38-Test_005_searchCustomerByEmial-INFO-**********************Starting Search by name test *******************
10-21-2020 00:49:46-Test_005_searchCustomerByEmial-INFO-**********************Searching customer by name ********************
10-21-2020 00:49:51-Test_005_searchCustomerByEmial-INFO-******************** TC_005_Search customer by name Finished***************
10-22-2020 20:25:23-Test_003_AddCustomer-INFO-************Test_003_AddCustomer************
10-22-2020 20:25:50-Test_003_AddCustomer-INFO-**************** LOgin SuccessFull **************
10-22-2020 20:25:50-Test_003_AddCustomer-INFO-******************** Started Add customer test *************
10-22-2020 20:25:59-Test_003_AddCustomer-INFO-***************** Started adding Customer Info***************
10-22-2020 20:26:14-Test_003_AddCustomer-INFO-********************Saving Customer Info***************
10-22-2020 20:26:14-Test_003_AddCustomer-INFO-***********************Add customer Validation Started************
10-22-2020 20:26:15-Test_003_AddCustomer-INFO-***************Add Customer test passed ***************
10-22-2020 20:26:15-Test_003_AddCustomer-INFO-***************Ending Home page title text*************
10-22-2020 20:28:01-Test_001_Login-INFO-************************* Verifying Login Test ******************
10-22-2020 20:28:02-Test_003_AddCustomer-INFO-************Test_003_AddCustomer************
10-22-2020 20:28:28-Test_003_AddCustomer-INFO-**************** LOgin SuccessFull **************
10-22-2020 20:28:28-Test_003_AddCustomer-INFO-******************** Started Add customer test *************
10-22-2020 20:28:32-Test_001_Login-INFO-********************** Login Home page passed ***************
10-22-2020 20:28:39-Test_003_AddCustomer-INFO-***************** Started adding Customer Info***************
10-22-2020 20:28:55-Test_003_AddCustomer-INFO-********************Saving Customer Info***************
10-22-2020 20:28:55-Test_003_AddCustomer-INFO-***********************Add customer Validation Started************
10-22-2020 20:30:51-Test_001_Login-INFO-************************* Verifying Login Test ******************
10-22-2020 20:30:51-Test_003_AddCustomer-INFO-************Test_003_AddCustomer************
10-22-2020 20:31:16-Test_003_AddCustomer-INFO-**************** LOgin SuccessFull **************
10-22-2020 20:31:16-Test_003_AddCustomer-INFO-******************** Started Add customer test *************
10-22-2020 20:31:21-Test_001_Login-INFO-********************** Login Home page passed ***************
10-22-2020 20:31:25-Test_003_AddCustomer-INFO-***************** Started adding Customer Info***************
10-22-2020 20:31:41-Test_003_AddCustomer-INFO-********************Saving Customer Info***************
10-22-2020 20:31:41-Test_003_AddCustomer-INFO-***********************Add customer Validation Started************
10-22-2020 20:33:50-Test_003_AddCustomer-INFO-************Test_003_AddCustomer************
10-22-2020 20:33:50-Test_001_Login-INFO-************************* Verifying Login Test ******************
10-22-2020 20:34:13-Test_003_AddCustomer-INFO-**************** LOgin SuccessFull **************
10-22-2020 20:34:13-Test_003_AddCustomer-INFO-******************** Started Add customer test *************
10-22-2020 20:34:20-Test_001_Login-INFO-********************** Login Home page passed ***************
10-22-2020 20:34:22-Test_003_AddCustomer-INFO-***************** Started adding Customer Info***************
10-22-2020 20:34:37-Test_003_AddCustomer-INFO-********************Saving Customer Info***************
10-22-2020 20:34:37-Test_003_AddCustomer-INFO-***********************Add customer Validation Started************
10-22-2020 20:34:38-Test_003_AddCustomer-INFO-***************Add Customer test passed ***************
10-22-2020 20:34:38-Test_003_AddCustomer-INFO-***************Ending Home page title text*************
10-22-2020 20:42:57-Test_001_Login-INFO-************************* Verifying Login Test ******************
10-22-2020 20:42:58-Test_003_AddCustomer-INFO-************Test_003_AddCustomer************
10-22-2020 20:43:21-Test_003_AddCustomer-INFO-**************** LOgin SuccessFull **************
10-22-2020 20:43:21-Test_003_AddCustomer-INFO-******************** Started Add customer test *************
10-22-2020 20:43:30-Test_001_Login-INFO-********************** Login Home page passed ***************
10-22-2020 20:43:33-Test_003_AddCustomer-INFO-***************** Started adding Customer Info***************
10-22-2020 20:43:47-Test_003_AddCustomer-INFO-********************Saving Customer Info***************
10-22-2020 20:43:47-Test_003_AddCustomer-INFO-***********************Add customer Validation Started************
10-22-2020 20:43:48-Test_003_AddCustomer-INFO-***************Add Customer test passed ***************
10-22-2020 20:43:48-Test_003_AddCustomer-INFO-***************Ending Home page title text*************
